{"C:\\Users\\Bigmo\\Revature\\2106RNCN-2-p2-fe\\src\\Redux\\actions\\AuthActions.ts": {"path":"C:\\Users\\Bigmo\\Revature\\2106RNCN-2-p2-fe\\src\\Redux\\actions\\AuthActions.ts","statementMap":{"0":{"start":{"line":20,"column":22},"end":{"line":44,"column":1}},"1":{"start":{"line":24,"column":2},"end":{"line":43,"column":4}},"2":{"start":{"line":25,"column":4},"end":{"line":42,"column":5}},"3":{"start":{"line":26,"column":31},"end":{"line":26,"column":78}},"4":{"start":{"line":27,"column":6},"end":{"line":36,"column":7}},"5":{"start":{"line":28,"column":31},"end":{"line":31,"column":9}},"6":{"start":{"line":32,"column":8},"end":{"line":35,"column":11}},"7":{"start":{"line":37,"column":6},"end":{"line":37,"column":33}},"8":{"start":{"line":39,"column":6},"end":{"line":39,"column":16}},"9":{"start":{"line":40,"column":6},"end":{"line":40,"column":38}},"10":{"start":{"line":41,"column":6},"end":{"line":41,"column":23}},"11":{"start":{"line":46,"column":22},"end":{"line":61,"column":1}},"12":{"start":{"line":47,"column":2},"end":{"line":60,"column":4}},"13":{"start":{"line":48,"column":4},"end":{"line":59,"column":5}},"14":{"start":{"line":49,"column":18},"end":{"line":55,"column":7}},"15":{"start":{"line":56,"column":6},"end":{"line":56,"column":28}},"16":{"start":{"line":58,"column":6},"end":{"line":58,"column":16}},"17":{"start":{"line":63,"column":31},"end":{"line":74,"column":1}},"18":{"start":{"line":69,"column":2},"end":{"line":73,"column":4}},"19":{"start":{"line":70,"column":4},"end":{"line":72,"column":7}},"20":{"start":{"line":76,"column":22},"end":{"line":93,"column":1}},"21":{"start":{"line":82,"column":2},"end":{"line":92,"column":4}},"22":{"start":{"line":83,"column":4},"end":{"line":91,"column":5}},"23":{"start":{"line":84,"column":6},"end":{"line":84,"column":33}},"24":{"start":{"line":85,"column":6},"end":{"line":85,"column":27}},"25":{"start":{"line":86,"column":6},"end":{"line":88,"column":9}},"26":{"start":{"line":90,"column":6},"end":{"line":90,"column":34}},"27":{"start":{"line":95,"column":24},"end":{"line":101,"column":1}},"28":{"start":{"line":98,"column":2},"end":{"line":100,"column":4}},"29":{"start":{"line":99,"column":4},"end":{"line":99,"column":48}},"30":{"start":{"line":103,"column":26},"end":{"line":109,"column":1}},"31":{"start":{"line":106,"column":2},"end":{"line":108,"column":4}},"32":{"start":{"line":107,"column":4},"end":{"line":107,"column":50}},"33":{"start":{"line":111,"column":26},"end":{"line":117,"column":1}},"34":{"start":{"line":114,"column":2},"end":{"line":116,"column":4}},"35":{"start":{"line":115,"column":4},"end":{"line":115,"column":52}}},"fnMap":{"0":{"name":"(anonymous_0)","decl":{"start":{"line":20,"column":22},"end":{"line":20,"column":23}},"loc":{"start":{"line":23,"column":58},"end":{"line":44,"column":1}},"line":23},"1":{"name":"(anonymous_1)","decl":{"start":{"line":24,"column":9},"end":{"line":24,"column":10}},"loc":{"start":{"line":24,"column":29},"end":{"line":43,"column":3}},"line":24},"2":{"name":"(anonymous_2)","decl":{"start":{"line":46,"column":22},"end":{"line":46,"column":23}},"loc":{"start":{"line":46,"column":65},"end":{"line":61,"column":1}},"line":46},"3":{"name":"(anonymous_3)","decl":{"start":{"line":47,"column":9},"end":{"line":47,"column":10}},"loc":{"start":{"line":47,"column":21},"end":{"line":60,"column":3}},"line":47},"4":{"name":"(anonymous_4)","decl":{"start":{"line":63,"column":31},"end":{"line":63,"column":32}},"loc":{"start":{"line":68,"column":5},"end":{"line":74,"column":1}},"line":68},"5":{"name":"(anonymous_5)","decl":{"start":{"line":69,"column":9},"end":{"line":69,"column":10}},"loc":{"start":{"line":69,"column":29},"end":{"line":73,"column":3}},"line":69},"6":{"name":"(anonymous_6)","decl":{"start":{"line":76,"column":22},"end":{"line":76,"column":23}},"loc":{"start":{"line":81,"column":5},"end":{"line":93,"column":1}},"line":81},"7":{"name":"(anonymous_7)","decl":{"start":{"line":82,"column":9},"end":{"line":82,"column":10}},"loc":{"start":{"line":82,"column":29},"end":{"line":92,"column":3}},"line":82},"8":{"name":"(anonymous_8)","decl":{"start":{"line":95,"column":24},"end":{"line":95,"column":25}},"loc":{"start":{"line":97,"column":58},"end":{"line":101,"column":1}},"line":97},"9":{"name":"(anonymous_9)","decl":{"start":{"line":98,"column":9},"end":{"line":98,"column":10}},"loc":{"start":{"line":98,"column":23},"end":{"line":100,"column":3}},"line":98},"10":{"name":"(anonymous_10)","decl":{"start":{"line":103,"column":26},"end":{"line":103,"column":27}},"loc":{"start":{"line":105,"column":58},"end":{"line":109,"column":1}},"line":105},"11":{"name":"(anonymous_11)","decl":{"start":{"line":106,"column":9},"end":{"line":106,"column":10}},"loc":{"start":{"line":106,"column":23},"end":{"line":108,"column":3}},"line":106},"12":{"name":"(anonymous_12)","decl":{"start":{"line":111,"column":26},"end":{"line":111,"column":27}},"loc":{"start":{"line":113,"column":58},"end":{"line":117,"column":1}},"line":113},"13":{"name":"(anonymous_13)","decl":{"start":{"line":114,"column":9},"end":{"line":114,"column":10}},"loc":{"start":{"line":114,"column":23},"end":{"line":116,"column":3}},"line":114}},"branchMap":{"0":{"loc":{"start":{"line":27,"column":6},"end":{"line":36,"column":7}},"type":"if","locations":[{"start":{"line":27,"column":6},"end":{"line":36,"column":7}},{"start":{"line":27,"column":6},"end":{"line":36,"column":7}}],"line":27}},"s":{"0":0,"1":0,"2":0,"3":0,"4":0,"5":0,"6":0,"7":0,"8":0,"9":0,"10":0,"11":0,"12":0,"13":0,"14":0,"15":0,"16":0,"17":0,"18":0,"19":0,"20":0,"21":0,"22":0,"23":0,"24":0,"25":0,"26":0,"27":0,"28":0,"29":0,"30":0,"31":0,"32":0,"33":0,"34":0,"35":0},"f":{"0":0,"1":0,"2":0,"3":0,"4":0,"5":0,"6":0,"7":0,"8":0,"9":0,"10":0,"11":0,"12":0,"13":0},"b":{"0":[0,0]}}
,"C:\\Users\\Bigmo\\Revature\\2106RNCN-2-p2-fe\\src\\Redux\\actions\\ChirpActions.ts": {"path":"C:\\Users\\Bigmo\\Revature\\2106RNCN-2-p2-fe\\src\\Redux\\actions\\ChirpActions.ts","statementMap":{"0":{"start":{"line":12,"column":2},"end":{"line":27,"column":3}},"1":{"start":{"line":12,"column":8},"end":{"line":27,"column":3}},"2":{"start":{"line":13,"column":4},"end":{"line":26,"column":5}},"3":{"start":{"line":14,"column":6},"end":{"line":16,"column":9}},"4":{"start":{"line":17,"column":18},"end":{"line":17,"column":47}},"5":{"start":{"line":18,"column":6},"end":{"line":21,"column":9}},"6":{"start":{"line":23,"column":6},"end":{"line":25,"column":9}},"7":{"start":{"line":31,"column":2},"end":{"line":47,"column":3}},"8":{"start":{"line":31,"column":25},"end":{"line":47,"column":3}},"9":{"start":{"line":32,"column":4},"end":{"line":46,"column":5}},"10":{"start":{"line":33,"column":6},"end":{"line":35,"column":9}},"11":{"start":{"line":37,"column":18},"end":{"line":37,"column":56}},"12":{"start":{"line":38,"column":6},"end":{"line":41,"column":9}},"13":{"start":{"line":43,"column":6},"end":{"line":45,"column":9}},"14":{"start":{"line":50,"column":2},"end":{"line":66,"column":3}},"15":{"start":{"line":50,"column":24},"end":{"line":66,"column":3}},"16":{"start":{"line":51,"column":4},"end":{"line":65,"column":5}},"17":{"start":{"line":52,"column":6},"end":{"line":54,"column":9}},"18":{"start":{"line":56,"column":18},"end":{"line":56,"column":49}},"19":{"start":{"line":57,"column":6},"end":{"line":60,"column":9}},"20":{"start":{"line":62,"column":6},"end":{"line":64,"column":9}},"21":{"start":{"line":69,"column":25},"end":{"line":77,"column":1}},"22":{"start":{"line":70,"column":2},"end":{"line":76,"column":3}},"23":{"start":{"line":71,"column":4},"end":{"line":71,"column":75}},"24":{"start":{"line":71,"column":55},"end":{"line":71,"column":73}},"25":{"start":{"line":73,"column":4},"end":{"line":73,"column":36}},"26":{"start":{"line":75,"column":4},"end":{"line":75,"column":25}},"27":{"start":{"line":81,"column":2},"end":{"line":104,"column":3}},"28":{"start":{"line":81,"column":25},"end":{"line":104,"column":3}},"29":{"start":{"line":82,"column":4},"end":{"line":103,"column":5}},"30":{"start":{"line":83,"column":6},"end":{"line":85,"column":9}},"31":{"start":{"line":87,"column":6},"end":{"line":98,"column":11}},"32":{"start":{"line":90,"column":10},"end":{"line":93,"column":13}},"33":{"start":{"line":94,"column":10},"end":{"line":94,"column":28}},"34":{"start":{"line":97,"column":10},"end":{"line":97,"column":29}},"35":{"start":{"line":100,"column":6},"end":{"line":102,"column":9}}},"fnMap":{"0":{"name":"(anonymous_0)","decl":{"start":{"line":12,"column":2},"end":{"line":12,"column":3}},"loc":{"start":{"line":12,"column":8},"end":{"line":27,"column":3}},"line":12},"1":{"name":"(anonymous_1)","decl":{"start":{"line":12,"column":8},"end":{"line":12,"column":9}},"loc":{"start":{"line":12,"column":58},"end":{"line":27,"column":3}},"line":12},"2":{"name":"(anonymous_2)","decl":{"start":{"line":31,"column":2},"end":{"line":31,"column":3}},"loc":{"start":{"line":31,"column":25},"end":{"line":47,"column":3}},"line":31},"3":{"name":"(anonymous_3)","decl":{"start":{"line":31,"column":25},"end":{"line":31,"column":26}},"loc":{"start":{"line":31,"column":75},"end":{"line":47,"column":3}},"line":31},"4":{"name":"(anonymous_4)","decl":{"start":{"line":50,"column":2},"end":{"line":50,"column":3}},"loc":{"start":{"line":50,"column":24},"end":{"line":66,"column":3}},"line":50},"5":{"name":"(anonymous_5)","decl":{"start":{"line":50,"column":24},"end":{"line":50,"column":25}},"loc":{"start":{"line":50,"column":74},"end":{"line":66,"column":3}},"line":50},"6":{"name":"(anonymous_6)","decl":{"start":{"line":69,"column":25},"end":{"line":69,"column":26}},"loc":{"start":{"line":69,"column":46},"end":{"line":77,"column":1}},"line":69},"7":{"name":"(anonymous_7)","decl":{"start":{"line":71,"column":44},"end":{"line":71,"column":45}},"loc":{"start":{"line":71,"column":55},"end":{"line":71,"column":73}},"line":71},"8":{"name":"(anonymous_8)","decl":{"start":{"line":81,"column":2},"end":{"line":81,"column":3}},"loc":{"start":{"line":81,"column":25},"end":{"line":104,"column":3}},"line":81},"9":{"name":"(anonymous_9)","decl":{"start":{"line":81,"column":25},"end":{"line":81,"column":26}},"loc":{"start":{"line":81,"column":75},"end":{"line":104,"column":3}},"line":81},"10":{"name":"(anonymous_10)","decl":{"start":{"line":89,"column":14},"end":{"line":89,"column":15}},"loc":{"start":{"line":89,"column":30},"end":{"line":95,"column":9}},"line":89},"11":{"name":"(anonymous_11)","decl":{"start":{"line":96,"column":15},"end":{"line":96,"column":16}},"loc":{"start":{"line":96,"column":32},"end":{"line":98,"column":9}},"line":96}},"branchMap":{},"s":{"0":0,"1":0,"2":0,"3":0,"4":0,"5":0,"6":0,"7":0,"8":0,"9":0,"10":0,"11":0,"12":0,"13":0,"14":0,"15":0,"16":0,"17":0,"18":0,"19":0,"20":0,"21":0,"22":0,"23":0,"24":0,"25":0,"26":0,"27":0,"28":0,"29":0,"30":0,"31":0,"32":0,"33":0,"34":0,"35":0},"f":{"0":0,"1":0,"2":0,"3":0,"4":0,"5":0,"6":0,"7":0,"8":0,"9":0,"10":0,"11":0},"b":{}}
,"C:\\Users\\Bigmo\\Revature\\2106RNCN-2-p2-fe\\src\\Redux\\actions\\UserAPIActions.ts": {"path":"C:\\Users\\Bigmo\\Revature\\2106RNCN-2-p2-fe\\src\\Redux\\actions\\UserAPIActions.ts","statementMap":{"0":{"start":{"line":12,"column":15},"end":{"line":12,"column":46}},"1":{"start":{"line":22,"column":2},"end":{"line":38,"column":3}},"2":{"start":{"line":22,"column":24},"end":{"line":38,"column":3}},"3":{"start":{"line":23,"column":4},"end":{"line":37,"column":5}},"4":{"start":{"line":24,"column":6},"end":{"line":26,"column":9}},"5":{"start":{"line":28,"column":18},"end":{"line":28,"column":63}},"6":{"start":{"line":29,"column":6},"end":{"line":32,"column":9}},"7":{"start":{"line":34,"column":6},"end":{"line":36,"column":9}},"8":{"start":{"line":47,"column":2},"end":{"line":70,"column":3}},"9":{"start":{"line":47,"column":27},"end":{"line":70,"column":3}},"10":{"start":{"line":48,"column":4},"end":{"line":69,"column":5}},"11":{"start":{"line":49,"column":6},"end":{"line":51,"column":9}},"12":{"start":{"line":53,"column":19},"end":{"line":53,"column":38}},"13":{"start":{"line":54,"column":6},"end":{"line":64,"column":11}},"14":{"start":{"line":57,"column":10},"end":{"line":60,"column":13}},"15":{"start":{"line":63,"column":10},"end":{"line":63,"column":29}},"16":{"start":{"line":66,"column":6},"end":{"line":68,"column":9}},"17":{"start":{"line":73,"column":2},"end":{"line":95,"column":3}},"18":{"start":{"line":73,"column":16},"end":{"line":95,"column":3}},"19":{"start":{"line":74,"column":4},"end":{"line":94,"column":5}},"20":{"start":{"line":75,"column":6},"end":{"line":77,"column":9}},"21":{"start":{"line":79,"column":6},"end":{"line":89,"column":11}},"22":{"start":{"line":82,"column":10},"end":{"line":85,"column":13}},"23":{"start":{"line":88,"column":10},"end":{"line":88,"column":29}},"24":{"start":{"line":91,"column":6},"end":{"line":93,"column":9}},"25":{"start":{"line":98,"column":2},"end":{"line":120,"column":3}},"26":{"start":{"line":98,"column":20},"end":{"line":120,"column":3}},"27":{"start":{"line":99,"column":4},"end":{"line":119,"column":5}},"28":{"start":{"line":100,"column":6},"end":{"line":102,"column":9}},"29":{"start":{"line":103,"column":19},"end":{"line":103,"column":47}},"30":{"start":{"line":104,"column":6},"end":{"line":114,"column":11}},"31":{"start":{"line":107,"column":10},"end":{"line":110,"column":13}},"32":{"start":{"line":113,"column":10},"end":{"line":113,"column":29}},"33":{"start":{"line":116,"column":6},"end":{"line":118,"column":9}}},"fnMap":{"0":{"name":"(anonymous_0)","decl":{"start":{"line":22,"column":2},"end":{"line":22,"column":3}},"loc":{"start":{"line":22,"column":24},"end":{"line":38,"column":3}},"line":22},"1":{"name":"(anonymous_1)","decl":{"start":{"line":22,"column":24},"end":{"line":22,"column":25}},"loc":{"start":{"line":22,"column":74},"end":{"line":38,"column":3}},"line":22},"2":{"name":"(anonymous_2)","decl":{"start":{"line":47,"column":2},"end":{"line":47,"column":3}},"loc":{"start":{"line":47,"column":27},"end":{"line":70,"column":3}},"line":47},"3":{"name":"(anonymous_3)","decl":{"start":{"line":47,"column":27},"end":{"line":47,"column":28}},"loc":{"start":{"line":47,"column":77},"end":{"line":70,"column":3}},"line":47},"4":{"name":"(anonymous_4)","decl":{"start":{"line":56,"column":14},"end":{"line":56,"column":15}},"loc":{"start":{"line":56,"column":29},"end":{"line":61,"column":9}},"line":56},"5":{"name":"(anonymous_5)","decl":{"start":{"line":62,"column":15},"end":{"line":62,"column":16}},"loc":{"start":{"line":62,"column":32},"end":{"line":64,"column":9}},"line":62},"6":{"name":"(anonymous_6)","decl":{"start":{"line":73,"column":2},"end":{"line":73,"column":3}},"loc":{"start":{"line":73,"column":16},"end":{"line":95,"column":3}},"line":73},"7":{"name":"(anonymous_7)","decl":{"start":{"line":73,"column":16},"end":{"line":73,"column":17}},"loc":{"start":{"line":73,"column":66},"end":{"line":95,"column":3}},"line":73},"8":{"name":"(anonymous_8)","decl":{"start":{"line":81,"column":14},"end":{"line":81,"column":15}},"loc":{"start":{"line":81,"column":29},"end":{"line":86,"column":9}},"line":81},"9":{"name":"(anonymous_9)","decl":{"start":{"line":87,"column":15},"end":{"line":87,"column":16}},"loc":{"start":{"line":87,"column":32},"end":{"line":89,"column":9}},"line":87},"10":{"name":"(anonymous_10)","decl":{"start":{"line":98,"column":2},"end":{"line":98,"column":3}},"loc":{"start":{"line":98,"column":20},"end":{"line":120,"column":3}},"line":98},"11":{"name":"(anonymous_11)","decl":{"start":{"line":98,"column":20},"end":{"line":98,"column":21}},"loc":{"start":{"line":98,"column":70},"end":{"line":120,"column":3}},"line":98},"12":{"name":"(anonymous_12)","decl":{"start":{"line":106,"column":14},"end":{"line":106,"column":15}},"loc":{"start":{"line":106,"column":29},"end":{"line":111,"column":9}},"line":106},"13":{"name":"(anonymous_13)","decl":{"start":{"line":112,"column":15},"end":{"line":112,"column":16}},"loc":{"start":{"line":112,"column":32},"end":{"line":114,"column":9}},"line":112}},"branchMap":{},"s":{"0":0,"1":0,"2":0,"3":0,"4":0,"5":0,"6":0,"7":0,"8":0,"9":0,"10":0,"11":0,"12":0,"13":0,"14":0,"15":0,"16":0,"17":0,"18":0,"19":0,"20":0,"21":0,"22":0,"23":0,"24":0,"25":0,"26":0,"27":0,"28":0,"29":0,"30":0,"31":0,"32":0,"33":0},"f":{"0":0,"1":0,"2":0,"3":0,"4":0,"5":0,"6":0,"7":0,"8":0,"9":0,"10":0,"11":0,"12":0,"13":0},"b":{}}
,"C:\\Users\\Bigmo\\Revature\\2106RNCN-2-p2-fe\\src\\Redux\\reducers\\AuthReducer.ts": {"path":"C:\\Users\\Bigmo\\Revature\\2106RNCN-2-p2-fe\\src\\Redux\\reducers\\AuthReducer.ts","statementMap":{"0":{"start":{"line":12,"column":32},"end":{"line":19,"column":1}},"1":{"start":{"line":22,"column":2},"end":{"line":58,"column":3}},"2":{"start":{"line":24,"column":6},"end":{"line":28,"column":8}},"3":{"start":{"line":30,"column":6},"end":{"line":33,"column":8}},"4":{"start":{"line":35,"column":6},"end":{"line":40,"column":8}},"5":{"start":{"line":42,"column":6},"end":{"line":45,"column":8}},"6":{"start":{"line":47,"column":6},"end":{"line":50,"column":8}},"7":{"start":{"line":52,"column":6},"end":{"line":55,"column":8}},"8":{"start":{"line":57,"column":6},"end":{"line":57,"column":19}}},"fnMap":{"0":{"name":"(anonymous_0)","decl":{"start":{"line":21,"column":15},"end":{"line":21,"column":16}},"loc":{"start":{"line":21,"column":66},"end":{"line":59,"column":1}},"line":21}},"branchMap":{"0":{"loc":{"start":{"line":21,"column":16},"end":{"line":21,"column":36}},"type":"default-arg","locations":[{"start":{"line":21,"column":24},"end":{"line":21,"column":36}}],"line":21},"1":{"loc":{"start":{"line":22,"column":2},"end":{"line":58,"column":3}},"type":"switch","locations":[{"start":{"line":23,"column":4},"end":{"line":28,"column":8}},{"start":{"line":29,"column":4},"end":{"line":33,"column":8}},{"start":{"line":34,"column":4},"end":{"line":40,"column":8}},{"start":{"line":41,"column":4},"end":{"line":45,"column":8}},{"start":{"line":46,"column":4},"end":{"line":50,"column":8}},{"start":{"line":51,"column":4},"end":{"line":55,"column":8}},{"start":{"line":56,"column":4},"end":{"line":57,"column":19}}],"line":22}},"s":{"0":0,"1":0,"2":0,"3":0,"4":0,"5":0,"6":0,"7":0,"8":0},"f":{"0":0},"b":{"0":[0],"1":[0,0,0,0,0,0,0]}}
,"C:\\Users\\Bigmo\\Revature\\2106RNCN-2-p2-fe\\src\\Redux\\reducers\\ChirpReducer.ts": {"path":"C:\\Users\\Bigmo\\Revature\\2106RNCN-2-p2-fe\\src\\Redux\\reducers\\ChirpReducer.ts","statementMap":{"0":{"start":{"line":14,"column":36},"end":{"line":16,"column":1}},"1":{"start":{"line":18,"column":22},"end":{"line":39,"column":1}},"2":{"start":{"line":22,"column":2},"end":{"line":38,"column":3}},"3":{"start":{"line":24,"column":6},"end":{"line":26,"column":8}},"4":{"start":{"line":28,"column":6},"end":{"line":30,"column":8}},"5":{"start":{"line":32,"column":6},"end":{"line":35,"column":8}},"6":{"start":{"line":37,"column":6},"end":{"line":37,"column":19}}},"fnMap":{"0":{"name":"(anonymous_0)","decl":{"start":{"line":18,"column":22},"end":{"line":18,"column":23}},"loc":{"start":{"line":21,"column":20},"end":{"line":39,"column":1}},"line":21}},"branchMap":{"0":{"loc":{"start":{"line":19,"column":2},"end":{"line":19,"column":37}},"type":"default-arg","locations":[{"start":{"line":19,"column":25},"end":{"line":19,"column":37}}],"line":19},"1":{"loc":{"start":{"line":22,"column":2},"end":{"line":38,"column":3}},"type":"switch","locations":[{"start":{"line":23,"column":4},"end":{"line":26,"column":8}},{"start":{"line":27,"column":4},"end":{"line":30,"column":8}},{"start":{"line":31,"column":4},"end":{"line":35,"column":8}},{"start":{"line":36,"column":4},"end":{"line":37,"column":19}}],"line":22}},"s":{"0":0,"1":0,"2":0,"3":0,"4":0,"5":0,"6":0},"f":{"0":0},"b":{"0":[0],"1":[0,0,0,0]}}
,"C:\\Users\\Bigmo\\Revature\\2106RNCN-2-p2-fe\\src\\Redux\\reducers\\RootReducer.ts": {"path":"C:\\Users\\Bigmo\\Revature\\2106RNCN-2-p2-fe\\src\\Redux\\reducers\\RootReducer.ts","statementMap":{"0":{"start":{"line":6,"column":20},"end":{"line":10,"column":2}}},"fnMap":{},"branchMap":{},"s":{"0":0},"f":{},"b":{}}
,"C:\\Users\\Bigmo\\Revature\\2106RNCN-2-p2-fe\\src\\Redux\\reducers\\UserReducer.ts": {"path":"C:\\Users\\Bigmo\\Revature\\2106RNCN-2-p2-fe\\src\\Redux\\reducers\\UserReducer.ts","statementMap":{"0":{"start":{"line":14,"column":36},"end":{"line":16,"column":1}},"1":{"start":{"line":18,"column":20},"end":{"line":39,"column":1}},"2":{"start":{"line":22,"column":2},"end":{"line":38,"column":3}},"3":{"start":{"line":24,"column":6},"end":{"line":26,"column":8}},"4":{"start":{"line":28,"column":6},"end":{"line":30,"column":8}},"5":{"start":{"line":32,"column":6},"end":{"line":35,"column":8}},"6":{"start":{"line":37,"column":6},"end":{"line":37,"column":19}}},"fnMap":{"0":{"name":"(anonymous_0)","decl":{"start":{"line":18,"column":20},"end":{"line":18,"column":21}},"loc":{"start":{"line":21,"column":20},"end":{"line":39,"column":1}},"line":21}},"branchMap":{"0":{"loc":{"start":{"line":19,"column":2},"end":{"line":19,"column":37}},"type":"default-arg","locations":[{"start":{"line":19,"column":25},"end":{"line":19,"column":37}}],"line":19},"1":{"loc":{"start":{"line":22,"column":2},"end":{"line":38,"column":3}},"type":"switch","locations":[{"start":{"line":23,"column":4},"end":{"line":26,"column":8}},{"start":{"line":27,"column":4},"end":{"line":30,"column":8}},{"start":{"line":31,"column":4},"end":{"line":35,"column":8}},{"start":{"line":36,"column":4},"end":{"line":37,"column":19}}],"line":22}},"s":{"0":0,"1":0,"2":0,"3":0,"4":0,"5":0,"6":0},"f":{"0":0},"b":{"0":[0],"1":[0,0,0,0]}}
,"C:\\Users\\Bigmo\\Revature\\2106RNCN-2-p2-fe\\src\\Redux\\store\\store.ts": {"path":"C:\\Users\\Bigmo\\Revature\\2106RNCN-2-p2-fe\\src\\Redux\\store\\store.ts","statementMap":{"0":{"start":{"line":6,"column":21},"end":{"line":9,"column":1}}},"fnMap":{},"branchMap":{},"s":{"0":0},"f":{},"b":{}}
,"C:\\Users\\Bigmo\\Revature\\2106RNCN-2-p2-fe\\src\\Redux\\types\\AuthActionsTypes.ts": {"path":"C:\\Users\\Bigmo\\Revature\\2106RNCN-2-p2-fe\\src\\Redux\\types\\AuthActionsTypes.ts","statementMap":{"0":{"start":{"line":1,"column":24},"end":{"line":1,"column":34}},"1":{"start":{"line":2,"column":24},"end":{"line":2,"column":45}},"2":{"start":{"line":3,"column":27},"end":{"line":3,"column":40}},"3":{"start":{"line":4,"column":25},"end":{"line":4,"column":36}},"4":{"start":{"line":5,"column":27},"end":{"line":5,"column":40}},"5":{"start":{"line":6,"column":32},"end":{"line":6,"column":50}}},"fnMap":{},"branchMap":{},"s":{"0":3,"1":3,"2":3,"3":3,"4":3,"5":3},"f":{},"b":{},"_coverageSchema":"1a1c01bbd47fc00a2c39e90264f33305004495a9","hash":"ce6927b4fc901af8857685278b949b8755cc2b9a"}
,"C:\\Users\\Bigmo\\Revature\\2106RNCN-2-p2-fe\\src\\Redux\\types\\ChirpActionsTypes.ts": {"path":"C:\\Users\\Bigmo\\Revature\\2106RNCN-2-p2-fe\\src\\Redux\\types\\ChirpActionsTypes.ts","statementMap":{"0":{"start":{"line":1,"column":30},"end":{"line":1,"column":46}},"1":{"start":{"line":2,"column":27},"end":{"line":2,"column":40}},"2":{"start":{"line":3,"column":30},"end":{"line":3,"column":46}}},"fnMap":{},"branchMap":{},"s":{"0":0,"1":0,"2":0},"f":{},"b":{}}
,"C:\\Users\\Bigmo\\Revature\\2106RNCN-2-p2-fe\\src\\Redux\\types\\UserAPIActionsTypes.ts": {"path":"C:\\Users\\Bigmo\\Revature\\2106RNCN-2-p2-fe\\src\\Redux\\types\\UserAPIActionsTypes.ts","statementMap":{"0":{"start":{"line":1,"column":28},"end":{"line":1,"column":42}},"1":{"start":{"line":2,"column":25},"end":{"line":2,"column":36}},"2":{"start":{"line":3,"column":28},"end":{"line":3,"column":42}}},"fnMap":{},"branchMap":{},"s":{"0":0,"1":0,"2":0},"f":{},"b":{}}
,"C:\\Users\\Bigmo\\Revature\\2106RNCN-2-p2-fe\\src\\components\\axiosConfig.ts": {"path":"C:\\Users\\Bigmo\\Revature\\2106RNCN-2-p2-fe\\src\\components\\axiosConfig.ts","statementMap":{},"fnMap":{},"branchMap":{},"s":{},"f":{},"b":{}}
,"C:\\Users\\Bigmo\\Revature\\2106RNCN-2-p2-fe\\src\\shared\\constants.ts": {"path":"C:\\Users\\Bigmo\\Revature\\2106RNCN-2-p2-fe\\src\\shared\\constants.ts","statementMap":{"0":{"start":{"line":22,"column":8},"end":{"line":22,"column":28}},"1":{"start":{"line":23,"column":8},"end":{"line":23,"column":29}},"2":{"start":{"line":24,"column":8},"end":{"line":24,"column":27}},"3":{"start":{"line":25,"column":8},"end":{"line":25,"column":23}},"4":{"start":{"line":29,"column":19},"end":{"line":29,"column":54}},"5":{"start":{"line":42,"column":8},"end":{"line":42,"column":33}},"6":{"start":{"line":43,"column":8},"end":{"line":43,"column":23}},"7":{"start":{"line":44,"column":8},"end":{"line":44,"column":35}},"8":{"start":{"line":48,"column":25},"end":{"line":48,"column":37}},"9":{"start":{"line":49,"column":20},"end":{"line":49,"column":42}},"10":{"start":{"line":63,"column":8},"end":{"line":63,"column":33}},"11":{"start":{"line":64,"column":8},"end":{"line":64,"column":25}},"12":{"start":{"line":65,"column":8},"end":{"line":65,"column":35}},"13":{"start":{"line":66,"column":8},"end":{"line":66,"column":27}},"14":{"start":{"line":86,"column":8},"end":{"line":86,"column":25}},"15":{"start":{"line":87,"column":8},"end":{"line":87,"column":43}},"16":{"start":{"line":88,"column":8},"end":{"line":88,"column":49}},"17":{"start":{"line":89,"column":8},"end":{"line":89,"column":31}},"18":{"start":{"line":90,"column":8},"end":{"line":90,"column":27}},"19":{"start":{"line":91,"column":8},"end":{"line":91,"column":31}},"20":{"start":{"line":108,"column":8},"end":{"line":108,"column":25}},"21":{"start":{"line":109,"column":8},"end":{"line":109,"column":29}},"22":{"start":{"line":110,"column":8},"end":{"line":110,"column":25}},"23":{"start":{"line":111,"column":8},"end":{"line":111,"column":35}},"24":{"start":{"line":115,"column":25},"end":{"line":115,"column":36}},"25":{"start":{"line":117,"column":24},"end":{"line":117,"column":40}},"26":{"start":{"line":118,"column":25},"end":{"line":118,"column":27}},"27":{"start":{"line":121,"column":28},"end":{"line":164,"column":1}}},"fnMap":{"0":{"name":"(anonymous_0)","decl":{"start":{"line":16,"column":4},"end":{"line":16,"column":5}},"loc":{"start":{"line":21,"column":6},"end":{"line":26,"column":5}},"line":21},"1":{"name":"(anonymous_1)","decl":{"start":{"line":37,"column":4},"end":{"line":37,"column":5}},"loc":{"start":{"line":41,"column":6},"end":{"line":45,"column":5}},"line":41},"2":{"name":"(anonymous_2)","decl":{"start":{"line":57,"column":4},"end":{"line":57,"column":5}},"loc":{"start":{"line":62,"column":5},"end":{"line":67,"column":5}},"line":62},"3":{"name":"(anonymous_3)","decl":{"start":{"line":78,"column":4},"end":{"line":78,"column":5}},"loc":{"start":{"line":85,"column":6},"end":{"line":92,"column":5}},"line":85},"4":{"name":"(anonymous_4)","decl":{"start":{"line":102,"column":4},"end":{"line":102,"column":5}},"loc":{"start":{"line":107,"column":6},"end":{"line":112,"column":5}},"line":107}},"branchMap":{"0":{"loc":{"start":{"line":18,"column":8},"end":{"line":18,"column":24}},"type":"default-arg","locations":[{"start":{"line":18,"column":22},"end":{"line":18,"column":24}}],"line":18},"1":{"loc":{"start":{"line":19,"column":8},"end":{"line":19,"column":25}},"type":"default-arg","locations":[{"start":{"line":19,"column":23},"end":{"line":19,"column":25}}],"line":19},"2":{"loc":{"start":{"line":20,"column":8},"end":{"line":20,"column":23}},"type":"default-arg","locations":[{"start":{"line":20,"column":21},"end":{"line":20,"column":23}}],"line":20},"3":{"loc":{"start":{"line":39,"column":8},"end":{"line":39,"column":31}},"type":"default-arg","locations":[{"start":{"line":39,"column":21},"end":{"line":39,"column":31}}],"line":39},"4":{"loc":{"start":{"line":40,"column":8},"end":{"line":40,"column":31}},"type":"default-arg","locations":[{"start":{"line":40,"column":29},"end":{"line":40,"column":31}}],"line":40},"5":{"loc":{"start":{"line":59,"column":8},"end":{"line":59,"column":33}},"type":"default-arg","locations":[{"start":{"line":59,"column":22},"end":{"line":59,"column":33}}],"line":59},"6":{"loc":{"start":{"line":60,"column":8},"end":{"line":60,"column":43}},"type":"default-arg","locations":[{"start":{"line":60,"column":27},"end":{"line":60,"column":43}}],"line":60},"7":{"loc":{"start":{"line":61,"column":8},"end":{"line":61,"column":24}},"type":"default-arg","locations":[{"start":{"line":61,"column":22},"end":{"line":61,"column":24}}],"line":61},"8":{"loc":{"start":{"line":80,"column":8},"end":{"line":80,"column":36}},"type":"default-arg","locations":[{"start":{"line":80,"column":32},"end":{"line":80,"column":36}}],"line":80},"9":{"loc":{"start":{"line":81,"column":8},"end":{"line":81,"column":40}},"type":"default-arg","locations":[{"start":{"line":81,"column":35},"end":{"line":81,"column":40}}],"line":81},"10":{"loc":{"start":{"line":82,"column":8},"end":{"line":82,"column":31}},"type":"default-arg","locations":[{"start":{"line":82,"column":26},"end":{"line":82,"column":31}}],"line":82},"11":{"loc":{"start":{"line":83,"column":8},"end":{"line":83,"column":32}},"type":"default-arg","locations":[{"start":{"line":83,"column":23},"end":{"line":83,"column":32}}],"line":83},"12":{"loc":{"start":{"line":84,"column":8},"end":{"line":84,"column":36}},"type":"default-arg","locations":[{"start":{"line":84,"column":25},"end":{"line":84,"column":36}}],"line":84},"13":{"loc":{"start":{"line":103,"column":8},"end":{"line":103,"column":41}},"type":"default-arg","locations":[{"start":{"line":103,"column":20},"end":{"line":103,"column":41}}],"line":103},"14":{"loc":{"start":{"line":104,"column":8},"end":{"line":104,"column":27}},"type":"default-arg","locations":[{"start":{"line":104,"column":25},"end":{"line":104,"column":27}}],"line":104},"15":{"loc":{"start":{"line":105,"column":8},"end":{"line":105,"column":51}},"type":"default-arg","locations":[{"start":{"line":105,"column":20},"end":{"line":105,"column":51}}],"line":105},"16":{"loc":{"start":{"line":106,"column":8},"end":{"line":106,"column":48}},"type":"default-arg","locations":[{"start":{"line":106,"column":26},"end":{"line":106,"column":48}}],"line":106}},"s":{"0":6,"1":6,"2":6,"3":6,"4":3,"5":0,"6":0,"7":0,"8":3,"9":3,"10":3,"11":3,"12":3,"13":3,"14":3,"15":3,"16":3,"17":3,"18":3,"19":3,"20":3,"21":3,"22":3,"23":3,"24":3,"25":3,"26":3,"27":3},"f":{"0":6,"1":0,"2":3,"3":3,"4":3},"b":{"0":[6],"1":[6],"2":[6],"3":[0],"4":[0],"5":[3],"6":[3],"7":[3],"8":[3],"9":[3],"10":[3],"11":[3],"12":[3],"13":[3],"14":[3],"15":[3],"16":[3]},"_coverageSchema":"1a1c01bbd47fc00a2c39e90264f33305004495a9","hash":"478d4319cafb18451b530fb162371117743b0e97"}
,"C:\\Users\\Bigmo\\Revature\\2106RNCN-2-p2-fe\\src\\shared\\functions.ts": {"path":"C:\\Users\\Bigmo\\Revature\\2106RNCN-2-p2-fe\\src\\shared\\functions.ts","statementMap":{"0":{"start":{"line":9,"column":20},"end":{"line":9,"column":46}},"1":{"start":{"line":10,"column":4},"end":{"line":17,"column":5}},"2":{"start":{"line":11,"column":8},"end":{"line":16,"column":9}},"3":{"start":{"line":12,"column":12},"end":{"line":12,"column":40}},"4":{"start":{"line":15,"column":12},"end":{"line":15,"column":33}}},"fnMap":{"0":{"name":"alert","decl":{"start":{"line":8,"column":16},"end":{"line":8,"column":21}},"loc":{"start":{"line":8,"column":48},"end":{"line":18,"column":1}},"line":8}},"branchMap":{"0":{"loc":{"start":{"line":10,"column":4},"end":{"line":17,"column":5}},"type":"if","locations":[{"start":{"line":10,"column":4},"end":{"line":17,"column":5}},{"start":{"line":10,"column":4},"end":{"line":17,"column":5}}],"line":10},"1":{"loc":{"start":{"line":11,"column":8},"end":{"line":16,"column":9}},"type":"if","locations":[{"start":{"line":11,"column":8},"end":{"line":16,"column":9}},{"start":{"line":11,"column":8},"end":{"line":16,"column":9}}],"line":11},"2":{"loc":{"start":{"line":11,"column":12},"end":{"line":11,"column":47}},"type":"binary-expr","locations":[{"start":{"line":11,"column":12},"end":{"line":11,"column":30}},{"start":{"line":11,"column":34},"end":{"line":11,"column":47}}],"line":11}},"s":{"0":4,"1":4,"2":4,"3":4,"4":0},"f":{"0":4},"b":{"0":[4,0],"1":[4,0],"2":[4,4]},"_coverageSchema":"1a1c01bbd47fc00a2c39e90264f33305004495a9","hash":"04e4afc98bb7a38fe64faacfaa593208f093e3dd"}
}
