TN:
SF:src\Redux\actions\AuthActions.ts
FN:20,(anonymous_0)
FN:24,(anonymous_1)
FN:46,(anonymous_2)
FN:50,(anonymous_3)
FN:81,(anonymous_4)
FN:87,(anonymous_5)
FN:94,(anonymous_6)
FN:100,(anonymous_7)
FN:113,(anonymous_8)
FN:116,(anonymous_9)
FN:121,(anonymous_10)
FN:124,(anonymous_11)
FN:129,(anonymous_12)
FN:132,(anonymous_13)
FNF:14
FNH:0
FNDA:0,(anonymous_0)
FNDA:0,(anonymous_1)
FNDA:0,(anonymous_2)
FNDA:0,(anonymous_3)
FNDA:0,(anonymous_4)
FNDA:0,(anonymous_5)
FNDA:0,(anonymous_6)
FNDA:0,(anonymous_7)
FNDA:0,(anonymous_8)
FNDA:0,(anonymous_9)
FNDA:0,(anonymous_10)
FNDA:0,(anonymous_11)
FNDA:0,(anonymous_12)
FNDA:0,(anonymous_13)
DA:20,0
DA:24,0
DA:25,0
DA:26,0
DA:27,0
DA:28,0
DA:32,0
DA:37,0
DA:39,0
DA:40,0
DA:41,0
DA:46,0
DA:50,0
DA:51,0
DA:52,0
DA:59,0
DA:60,0
DA:65,0
DA:70,0
DA:72,0
DA:73,0
DA:81,0
DA:87,0
DA:88,0
DA:94,0
DA:100,0
DA:101,0
DA:102,0
DA:103,0
DA:104,0
DA:108,0
DA:113,0
DA:116,0
DA:117,0
DA:121,0
DA:124,0
DA:125,0
DA:129,0
DA:132,0
DA:133,0
LF:40
LH:0
BRDA:27,0,0,0
BRDA:27,0,1,0
BRDA:59,1,0,0
BRDA:59,1,1,0
BRF:4
BRH:0
end_of_record
TN:
SF:src\Redux\actions\ChirpActions.ts
FN:12,(anonymous_0)
FN:12,(anonymous_1)
FN:31,(anonymous_2)
FN:31,(anonymous_3)
FN:50,(anonymous_4)
FN:52,(anonymous_5)
FN:62,(anonymous_6)
FN:62,(anonymous_7)
FN:70,(anonymous_8)
FN:77,(anonymous_9)
FNF:10
FNH:2
FNDA:3,(anonymous_0)
FNDA:3,(anonymous_1)
FNDA:0,(anonymous_2)
FNDA:0,(anonymous_3)
FNDA:0,(anonymous_4)
FNDA:0,(anonymous_5)
FNDA:0,(anonymous_6)
FNDA:0,(anonymous_7)
FNDA:0,(anonymous_8)
FNDA:0,(anonymous_9)
DA:12,3
DA:13,3
DA:14,3
DA:17,3
DA:18,0
DA:23,0
DA:31,3
DA:32,0
DA:33,0
DA:37,0
DA:38,0
DA:43,0
DA:50,3
DA:51,0
DA:52,0
DA:54,0
DA:56,0
DA:62,3
DA:63,0
DA:64,0
DA:68,0
DA:71,0
DA:75,0
DA:78,0
DA:81,0
LF:25
LH:7
BRF:0
BRH:0
end_of_record
TN:
SF:src\Redux\actions\UserAPIActions.ts
FN:22,(anonymous_0)
FN:22,(anonymous_1)
FN:47,(anonymous_2)
FN:47,(anonymous_3)
FN:56,(anonymous_4)
FN:62,(anonymous_5)
FN:73,(anonymous_6)
FN:73,(anonymous_7)
FN:81,(anonymous_8)
FN:87,(anonymous_9)
FN:98,(anonymous_10)
FN:98,(anonymous_11)
FN:106,(anonymous_12)
FN:112,(anonymous_13)
FNF:14
FNH:0
FNDA:0,(anonymous_0)
FNDA:0,(anonymous_1)
FNDA:0,(anonymous_2)
FNDA:0,(anonymous_3)
FNDA:0,(anonymous_4)
FNDA:0,(anonymous_5)
FNDA:0,(anonymous_6)
FNDA:0,(anonymous_7)
FNDA:0,(anonymous_8)
FNDA:0,(anonymous_9)
FNDA:0,(anonymous_10)
FNDA:0,(anonymous_11)
FNDA:0,(anonymous_12)
FNDA:0,(anonymous_13)
DA:12,0
DA:22,0
DA:23,0
DA:24,0
DA:28,0
DA:29,0
DA:34,0
DA:47,0
DA:48,0
DA:49,0
DA:53,0
DA:54,0
DA:57,0
DA:63,0
DA:66,0
DA:73,0
DA:74,0
DA:75,0
DA:79,0
DA:82,0
DA:88,0
DA:91,0
DA:98,0
DA:99,0
DA:100,0
DA:103,0
DA:104,0
DA:107,0
DA:113,0
DA:116,0
LF:30
LH:0
BRF:0
BRH:0
end_of_record
TN:
SF:src\Redux\actions\UserChirpActions.ts
FN:11,(anonymous_0)
FN:11,(anonymous_1)
FNF:2
FNH:0
FNDA:0,(anonymous_0)
FNDA:0,(anonymous_1)
DA:11,0
DA:12,0
DA:13,0
DA:17,0
DA:18,0
DA:23,0
LF:6
LH:0
BRF:0
BRH:0
end_of_record
TN:
SF:src\Redux\reducers\AuthReducer.ts
FN:21,(anonymous_0)
FNF:1
FNH:0
FNDA:0,(anonymous_0)
DA:12,0
DA:22,0
DA:24,0
DA:30,0
DA:35,0
DA:42,0
DA:47,0
DA:52,0
DA:57,0
LF:9
LH:0
BRDA:21,0,0,0
BRDA:22,1,0,0
BRDA:22,1,1,0
BRDA:22,1,2,0
BRDA:22,1,3,0
BRDA:22,1,4,0
BRDA:22,1,5,0
BRDA:22,1,6,0
BRF:8
BRH:0
end_of_record
TN:
SF:src\Redux\reducers\ChirpReducer.ts
FN:18,(anonymous_0)
FNF:1
FNH:0
FNDA:0,(anonymous_0)
DA:14,0
DA:18,0
DA:28,0
DA:30,0
DA:34,0
DA:38,0
DA:43,0
LF:7
LH:0
BRDA:19,0,0,0
BRDA:20,1,0,0
BRDA:28,2,0,0
BRDA:28,2,1,0
BRDA:28,2,2,0
BRDA:28,2,3,0
BRF:6
BRH:0
end_of_record
TN:
SF:src\Redux\reducers\RootReducer.ts
FNF:0
FNH:0
DA:7,0
LF:1
LH:0
BRF:0
BRH:0
end_of_record
TN:
SF:src\Redux\reducers\UserChirpReducer.ts
FN:18,(anonymous_0)
FNF:1
FNH:0
FNDA:0,(anonymous_0)
DA:14,0
DA:18,0
DA:22,0
DA:24,0
DA:28,0
DA:32,0
DA:37,0
LF:7
LH:0
BRDA:19,0,0,0
BRDA:22,1,0,0
BRDA:22,1,1,0
BRDA:22,1,2,0
BRDA:22,1,3,0
BRF:5
BRH:0
end_of_record
TN:
SF:src\Redux\reducers\UserReducer.ts
FN:18,(anonymous_0)
FNF:1
FNH:0
FNDA:0,(anonymous_0)
DA:14,0
DA:18,0
DA:22,0
DA:24,0
DA:28,0
DA:32,0
DA:37,0
LF:7
LH:0
BRDA:19,0,0,0
BRDA:22,1,0,0
BRDA:22,1,1,0
BRDA:22,1,2,0
BRDA:22,1,3,0
BRF:5
BRH:0
end_of_record
TN:
SF:src\Redux\store\store.ts
FNF:0
FNH:0
DA:6,0
LF:1
LH:0
BRF:0
BRH:0
end_of_record
TN:
SF:src\Redux\types\AuthActionsTypes.ts
FNF:0
FNH:0
DA:1,3
DA:2,3
DA:3,3
DA:4,3
DA:5,3
DA:6,3
LF:6
LH:6
BRF:0
BRH:0
end_of_record
TN:
SF:src\Redux\types\ChirpActionsTypes.ts
FNF:0
FNH:0
DA:1,3
DA:2,3
DA:3,3
LF:3
LH:3
BRF:0
BRH:0
end_of_record
TN:
SF:src\Redux\types\UserAPIActionsTypes.ts
FNF:0
FNH:0
DA:1,0
DA:2,0
DA:3,0
LF:3
LH:0
BRF:0
BRH:0
end_of_record
TN:
SF:src\Redux\types\UserChirpActionsTypes.ts
FNF:0
FNH:0
DA:1,0
DA:2,0
DA:3,0
LF:3
LH:0
BRF:0
BRH:0
end_of_record
TN:
SF:src\components\axiosConfig.ts
FNF:0
FNH:0
LF:0
LH:0
BRF:0
BRH:0
end_of_record
TN:
SF:src\shared\constants.ts
FN:16,(anonymous_0)
FN:37,(anonymous_1)
FN:57,(anonymous_2)
FN:78,(anonymous_3)
FN:102,(anonymous_4)
FNF:5
FNH:4
FNDA:6,(anonymous_0)
FNDA:0,(anonymous_1)
FNDA:3,(anonymous_2)
FNDA:3,(anonymous_3)
FNDA:3,(anonymous_4)
DA:22,6
DA:23,6
DA:24,6
DA:25,6
DA:29,3
DA:42,0
DA:43,0
DA:44,0
DA:48,3
DA:49,3
DA:63,3
DA:64,3
DA:65,3
DA:66,3
DA:86,3
DA:87,3
DA:88,3
DA:89,3
DA:90,3
DA:91,3
DA:108,3
DA:109,3
DA:110,3
DA:111,3
DA:115,3
DA:118,3
LF:26
LH:23
BRDA:18,0,0,6
BRDA:19,1,0,6
BRDA:20,2,0,6
BRDA:39,3,0,0
BRDA:40,4,0,0
BRDA:59,5,0,3
BRDA:60,6,0,3
BRDA:61,7,0,3
BRDA:80,8,0,3
BRDA:81,9,0,3
BRDA:82,10,0,3
BRDA:83,11,0,3
BRDA:84,12,0,3
BRDA:103,13,0,3
BRDA:104,14,0,3
BRDA:105,15,0,3
BRDA:106,16,0,3
BRF:17
BRH:15
end_of_record
TN:
SF:src\shared\functions.ts
FN:7,alert
FNF:1
FNH:1
FNDA:6,alert
DA:8,6
DA:9,6
DA:10,0
DA:11,0
DA:14,0
LF:5
LH:2
BRDA:9,0,0,0
BRDA:9,0,1,6
BRDA:10,1,0,0
BRDA:10,1,1,0
BRDA:10,2,0,0
BRDA:10,2,1,0
BRF:6
BRH:1
end_of_record
